New log file opened at Fri Mar 04 09:29:47 EST 2016 by 4336@peads-Serval-WS
Sending msg to client activator-8c3b8885-fdf1-4ff9-8514-20b23bff71ab: DetachedLogEvent(LogMessage(debug,sbt client logs are in: /media/peads/extra_drive_1/development/play-scala/.sbtserver/connections/activator-8c3b8885-fdf1-4ff9-8514-20b23bff71ab.log))
Sending msg to client activator-8c3b8885-fdf1-4ff9-8514-20b23bff71ab: DetachedLogEvent(LogMessage(debug,sbt server socket logs are in: /media/peads/extra_drive_1/development/play-scala/.sbtserver/connections/master.log))
Reading next message from client.
Client activator-8c3b8885-fdf1-4ff9-8514-20b23bff71ab EOF, shutting down.
Stopping client.
Dropping message DetachedLogEvent(LogMessage(debug,sbt server socket logs are in: /media/peads/extra_drive_1/development/play-scala/.sbtserver/connections/master.log)) because client activator-8c3b8885-fdf1-4ff9-8514-20b23bff71ab of an exception serializing and sending: java.net.SocketException: Broken pipe
stack trace sending message was 
java.net.SocketException: Broken pipe
	at java.net.SocketOutputStream.socketWrite0(Native Method)
	at java.net.SocketOutputStream.socketWrite(SocketOutputStream.java:109)
	at java.net.SocketOutputStream.write(SocketOutputStream.java:153)
	at java.io.BufferedOutputStream.flushBuffer(BufferedOutputStream.java:82)
	at java.io.BufferedOutputStream.flush(BufferedOutputStream.java:140)
	at java.io.DataOutputStream.flush(DataOutputStream.java:123)
	at sbt.impl.ipc.Peer.send(IPC.scala:79)
	at sbt.impl.ipc.Peer.send(IPC.scala:83)
	at sbt.impl.ipc.Peer.sendString(IPC.scala:106)
	at sbt.impl.ipc.Peer.sendJson(IPC.scala:119)
	at sbt.server.SbtClientHandler$$anonfun$send$1.apply$mcV$sp(SbtClientHandler.scala:128)
	at sbt.server.SbtClientHandler.wrappedSend(SbtClientHandler.scala:113)
	at sbt.server.SbtClientHandler.send(SbtClientHandler.scala:128)
	at sbt.server.SbtServerSocketHandler$$anon$1.run(SbtServerSocketHandler.scala:91)
Dropping message DetachedLogEvent(LogMessage(debug,sbt general server logs are in: /media/peads/extra_drive_1/development/play-scala/.sbtserver/master.log)) to dead client activator-8c3b8885-fdf1-4ff9-8514-20b23bff71ab
Dropping message (0,ReceivedResponse()) to dead client activator-8c3b8885-fdf1-4ff9-8514-20b23bff71ab
Client activator-8c3b8885-fdf1-4ff9-8514-20b23bff71ab thread exiting.
